[debug] [2026-01-11T14:07:20.028Z] ----------------------------------------------------------------------
[debug] [2026-01-11T14:07:20.032Z] Command:       /opt/homebrew/Cellar/node/24.10.0/bin/node /opt/homebrew/bin/firebase deploy --only hosting
[debug] [2026-01-11T14:07:20.032Z] CLI Version:   14.24.2
[debug] [2026-01-11T14:07:20.032Z] Platform:      darwin
[debug] [2026-01-11T14:07:20.032Z] Node Version:  v24.10.0
[debug] [2026-01-11T14:07:20.032Z] Time:          Sun Jan 11 2026 23:07:20 GMT+0900 (Korean Standard Time)
[debug] [2026-01-11T14:07:20.032Z] ----------------------------------------------------------------------
[debug] 
[debug] [2026-01-11T14:07:20.033Z] >>> [apiv2][query] GET https://firebase-public.firebaseio.com/cli.json [none]
[debug] [2026-01-11T14:07:20.131Z] > command requires scopes: ["email","openid","https://www.googleapis.com/auth/cloudplatformprojects.readonly","https://www.googleapis.com/auth/firebase","https://www.googleapis.com/auth/cloud-platform"]
[debug] [2026-01-11T14:07:20.131Z] > authorizing via signed-in user (hooddak2024@gmail.com)
[debug] [2026-01-11T14:07:20.132Z] [iam] checking project withjocoding for permissions ["firebase.projects.get","firebasehosting.sites.update"]
[debug] [2026-01-11T14:07:20.132Z] Checked if tokens are valid: false, expires at: 1762961125175
[debug] [2026-01-11T14:07:20.132Z] Checked if tokens are valid: false, expires at: 1762961125175
[debug] [2026-01-11T14:07:20.132Z] > refreshing access token with scopes: []
[debug] [2026-01-11T14:07:20.132Z] >>> [apiv2][query] POST https://www.googleapis.com/oauth2/v3/token [none]
[debug] [2026-01-11T14:07:20.132Z] >>> [apiv2][body] POST https://www.googleapis.com/oauth2/v3/token [omitted]
[debug] [2026-01-11T14:07:20.322Z] <<< [apiv2][status] POST https://www.googleapis.com/oauth2/v3/token 200
[debug] [2026-01-11T14:07:20.322Z] <<< [apiv2][body] POST https://www.googleapis.com/oauth2/v3/token [omitted]
[debug] [2026-01-11T14:07:20.330Z] >>> [apiv2][query] POST https://cloudresourcemanager.googleapis.com/v1/projects/withjocoding:testIamPermissions [none]
[debug] [2026-01-11T14:07:20.330Z] >>> [apiv2][(partial)header] POST https://cloudresourcemanager.googleapis.com/v1/projects/withjocoding:testIamPermissions x-goog-quota-user=projects/withjocoding
[debug] [2026-01-11T14:07:20.330Z] >>> [apiv2][body] POST https://cloudresourcemanager.googleapis.com/v1/projects/withjocoding:testIamPermissions {"permissions":["firebase.projects.get","firebasehosting.sites.update"]}
[debug] [2026-01-11T14:07:20.465Z] <<< [apiv2][status] GET https://firebase-public.firebaseio.com/cli.json 200
[debug] [2026-01-11T14:07:20.465Z] <<< [apiv2][body] GET https://firebase-public.firebaseio.com/cli.json {"cloudBuildErrorAfter":1594252800000,"cloudBuildWarnAfter":1590019200000,"defaultNode10After":1594252800000,"minVersion":"3.0.5","node8DeploysDisabledAfter":1613390400000,"node8RuntimeDisabledAfter":1615809600000,"node8WarnAfter":1600128000000}
[debug] [2026-01-11T14:07:20.737Z] <<< [apiv2][status] POST https://cloudresourcemanager.googleapis.com/v1/projects/withjocoding:testIamPermissions 200
[debug] [2026-01-11T14:07:20.737Z] <<< [apiv2][body] POST https://cloudresourcemanager.googleapis.com/v1/projects/withjocoding:testIamPermissions {}
[debug] [2026-01-11T14:07:20.738Z] [iam] error while checking permissions, command may fail: Authorization failed. This account is missing the following required permissions on project withjocoding:

  firebase.projects.get
  firebasehosting.sites.update
[debug] [2026-01-11T14:07:20.738Z] Checked if tokens are valid: true, expires at: 1768144039322
[debug] [2026-01-11T14:07:20.739Z] Checked if tokens are valid: true, expires at: 1768144039322
[debug] [2026-01-11T14:07:20.739Z] >>> [apiv2][query] GET https://firebase.googleapis.com/v1beta1/projects/withjocoding [none]
[debug] [2026-01-11T14:07:21.369Z] <<< [apiv2][status] GET https://firebase.googleapis.com/v1beta1/projects/withjocoding 403
[debug] [2026-01-11T14:07:21.370Z] <<< [apiv2][body] GET https://firebase.googleapis.com/v1beta1/projects/withjocoding {"error":{"code":403,"message":"The caller does not have permission","status":"PERMISSION_DENIED"}}
[debug] [2026-01-11T14:07:21.370Z] Request to https://firebase.googleapis.com/v1beta1/projects/withjocoding had HTTP Error: 403, The caller does not have permission
[debug] [2026-01-11T14:07:21.519Z] FirebaseError: Request to https://firebase.googleapis.com/v1beta1/projects/withjocoding had HTTP Error: 403, The caller does not have permission
    at responseToError (/opt/homebrew/lib/node_modules/firebase-tools/lib/responseToError.js:53:12)
    at RetryOperation._fn (/opt/homebrew/lib/node_modules/firebase-tools/lib/apiv2.js:322:77)
    at process.processTicksAndRejections (node:internal/process/task_queues:105:5)
[error] 
[error] Error: Failed to get Firebase project withjocoding. Please make sure the project exists and your account has permission to access it.
